Build started 4/27/2016 8:13:33 AM.
     1>Project "C:\Users\Administrator\Source\Repos\halftone-cuda\halftone\halftone.vcxproj" on node 2 (Build target(s)).
     1>AddCudaCompileDeps:
         C:\Program Files (x86)\Microsoft Visual Studio 12.0\VC\bin\x86_amd64\cl.exe /E /nologo /showIncludes /TP /D__CUDACC__ /DWIN32 /DWIN64 /D_DEBUG /D_CONSOLE /D_MBCS /I"C:\Program Files\NVIDIA GPU Computing Toolkit\CUDA\v7.5\include" /I"C:\Program Files\NVIDIA GPU Computing Toolkit\CUDA\v7.5\bin" /I"C:\Program Files\NVIDIA GPU Computing Toolkit\CUDA\v7.5\include" /I. /FIcuda_runtime.h /c C:\Users\Administrator\Source\Repos\halftone-cuda\halftone\kernel.cu 
       CudaBuild:
         Compiling CUDA source file kernel.cu...
         cmd.exe /C "C:\Users\Administrator\AppData\Local\Temp\2\tmp180402542e664af988b5555d8892415c.cmd"
         "C:\Program Files\NVIDIA GPU Computing Toolkit\CUDA\v7.5\bin\nvcc.exe" -gencode=arch=compute_30,code=\"sm_30,compute_30\" --use-local-env --cl-version 2013 -ccbin "C:\Program Files (x86)\Microsoft Visual Studio 12.0\VC\bin\x86_amd64"  -I"C:\Program Files\NVIDIA GPU Computing Toolkit\CUDA\v7.5\include" -I"C:\Program Files\NVIDIA GPU Computing Toolkit\CUDA\v7.5\include"  -G   --keep-dir x64\Debug -maxrregcount=0  --machine 64 --compile -cudart static  -g   -DWIN32 -DWIN64 -D_DEBUG -D_CONSOLE -D_MBCS -Xcompiler "/EHsc /W3 /nologo /Od /Zi /RTC1 /MTd " -o x64\Debug\kernel.cu.obj "C:\Users\Administrator\Source\Repos\halftone-cuda\halftone\kernel.cu"
         
         C:\Users\Administrator\Source\Repos\halftone-cuda\halftone>"C:\Program Files\NVIDIA GPU Computing Toolkit\CUDA\v7.5\bin\nvcc.exe" -gencode=arch=compute_30,code=\"sm_30,compute_30\" --use-local-env --cl-version 2013 -ccbin "C:\Program Files (x86)\Microsoft Visual Studio 12.0\VC\bin\x86_amd64"  -I"C:\Program Files\NVIDIA GPU Computing Toolkit\CUDA\v7.5\include" -I"C:\Program Files\NVIDIA GPU Computing Toolkit\CUDA\v7.5\include"  -G   --keep-dir x64\Debug -maxrregcount=0  --machine 64 --compile -cudart static  -g   -DWIN32 -DWIN64 -D_DEBUG -D_CONSOLE -D_MBCS -Xcompiler "/EHsc /W3 /nologo /Od /Zi /RTC1 /MTd " -o x64\Debug\kernel.cu.obj "C:\Users\Administrator\Source\Repos\halftone-cuda\halftone\kernel.cu" 
     1>C:/Users/Administrator/Source/Repos/halftone-cuda/halftone/kernel.cu(50): warning : integer conversion resulted in a change of sign
     1>C:/Users/Administrator/Source/Repos/halftone-cuda/halftone/kernel.cu(101): warning : integer conversion resulted in a change of sign
     1>C:/Users/Administrator/Source/Repos/halftone-cuda/halftone/kernel.cu(148): warning : transfer of control bypasses initialization of:
     1>C:/Users/Administrator/Source/Repos/halftone-cuda/halftone/kernel.cu(153): warning : transfer of control bypasses initialization of:
     1>C:/Users/Administrator/Source/Repos/halftone-cuda/halftone/kernel.cu(159): warning : transfer of control bypasses initialization of:
     1>C:/Users/Administrator/Source/Repos/halftone-cuda/halftone/kernel.cu(168): warning : transfer of control bypasses initialization of:
     1>C:/Users/Administrator/Source/Repos/halftone-cuda/halftone/kernel.cu(174): warning : transfer of control bypasses initialization of:
     1>C:/Users/Administrator/Source/Repos/halftone-cuda/halftone/kernel.cu(184): warning : transfer of control bypasses initialization of:
     1>C:/Users/Administrator/Source/Repos/halftone-cuda/halftone/kernel.cu(190): warning : transfer of control bypasses initialization of:
     1>C:/Users/Administrator/Source/Repos/halftone-cuda/halftone/kernel.cu(196): warning : transfer of control bypasses initialization of:
     1>C:/Users/Administrator/Source/Repos/halftone-cuda/halftone/kernel.cu(204): warning : transfer of control bypasses initialization of:
     1>C:/Users/Administrator/Source/Repos/halftone-cuda/halftone/kernel.cu(218): warning : transfer of control bypasses initialization of:
     1>C:/Users/Administrator/Source/Repos/halftone-cuda/halftone/kernel.cu(227): warning : transfer of control bypasses initialization of:
     1>C:/Users/Administrator/Source/Repos/halftone-cuda/halftone/kernel.cu(50): warning : integer conversion resulted in a change of sign
     1>C:/Users/Administrator/Source/Repos/halftone-cuda/halftone/kernel.cu(101): warning : integer conversion resulted in a change of sign
     1>C:/Users/Administrator/Source/Repos/halftone-cuda/halftone/kernel.cu(148): warning : transfer of control bypasses initialization of:
     1>C:/Users/Administrator/Source/Repos/halftone-cuda/halftone/kernel.cu(153): warning : transfer of control bypasses initialization of:
     1>C:/Users/Administrator/Source/Repos/halftone-cuda/halftone/kernel.cu(159): warning : transfer of control bypasses initialization of:
     1>C:/Users/Administrator/Source/Repos/halftone-cuda/halftone/kernel.cu(168): warning : transfer of control bypasses initialization of:
     1>C:/Users/Administrator/Source/Repos/halftone-cuda/halftone/kernel.cu(174): warning : transfer of control bypasses initialization of:
     1>C:/Users/Administrator/Source/Repos/halftone-cuda/halftone/kernel.cu(184): warning : transfer of control bypasses initialization of:
     1>C:/Users/Administrator/Source/Repos/halftone-cuda/halftone/kernel.cu(190): warning : transfer of control bypasses initialization of:
     1>C:/Users/Administrator/Source/Repos/halftone-cuda/halftone/kernel.cu(196): warning : transfer of control bypasses initialization of:
     1>C:/Users/Administrator/Source/Repos/halftone-cuda/halftone/kernel.cu(204): warning : transfer of control bypasses initialization of:
     1>C:/Users/Administrator/Source/Repos/halftone-cuda/halftone/kernel.cu(218): warning : transfer of control bypasses initialization of:
     1>C:/Users/Administrator/Source/Repos/halftone-cuda/halftone/kernel.cu(227): warning : transfer of control bypasses initialization of:
         kernel.cu
     1>C:/Users/Administrator/Source/Repos/halftone-cuda/halftone/kernel.cu(163): warning C4244: '=' : conversion from 'double' to 'int', possible loss of data
     1>C:/Users/Administrator/Source/Repos/halftone-cuda/halftone/kernel.cu(312): warning C4533: initialization of 'boundaries' is skipped by 'goto error'
                 C:/Users/Administrator/Source/Repos/halftone-cuda/halftone/kernel.cu(236) : see declaration of 'boundaries'
                 C:/Users/Administrator/Source/Repos/halftone-cuda/halftone/kernel.cu(312) : see declaration of 'error'
     1>C:/Users/Administrator/Source/Repos/halftone-cuda/halftone/kernel.cu(312): warning C4533: initialization of 'cell_dims' is skipped by 'goto error'
                 C:/Users/Administrator/Source/Repos/halftone-cuda/halftone/kernel.cu(235) : see declaration of 'cell_dims'
                 C:/Users/Administrator/Source/Repos/halftone-cuda/halftone/kernel.cu(312) : see declaration of 'error'
     1>C:/Users/Administrator/Source/Repos/halftone-cuda/halftone/kernel.cu(312): warning C4533: initialization of 'block_dims' is skipped by 'goto error'
                 C:/Users/Administrator/Source/Repos/halftone-cuda/halftone/kernel.cu(234) : see declaration of 'block_dims'
                 C:/Users/Administrator/Source/Repos/halftone-cuda/halftone/kernel.cu(312) : see declaration of 'error'
                 C:/Users/Administrator/Source/Repos/halftone-cuda/halftone/kernel.cu(236) : see declaration of 'boundaries'
                 C:/Users/Administrator/Source/Repos/halftone-cuda/halftone/kernel.cu(312) : see declaration of 'error'
                 C:/Users/Administrator/Source/Repos/halftone-cuda/halftone/kernel.cu(235) : see declaration of 'cell_dims'
                 C:/Users/Administrator/Source/Repos/halftone-cuda/halftone/kernel.cu(312) : see declaration of 'error'
                 C:/Users/Administrator/Source/Repos/halftone-cuda/halftone/kernel.cu(234) : see declaration of 'block_dims'
                 C:/Users/Administrator/Source/Repos/halftone-cuda/halftone/kernel.cu(312) : see declaration of 'error'
                 C:/Users/Administrator/Source/Repos/halftone-cuda/halftone/kernel.cu(236) : see declaration of 'boundaries'
                 C:/Users/Administrator/Source/Repos/halftone-cuda/halftone/kernel.cu(312) : see declaration of 'error'
                 C:/Users/Administrator/Source/Repos/halftone-cuda/halftone/kernel.cu(235) : see declaration of 'cell_dims'
                 C:/Users/Administrator/Source/Repos/halftone-cuda/halftone/kernel.cu(312) : see declaration of 'error'
                 C:/Users/Administrator/Source/Repos/halftone-cuda/halftone/kernel.cu(234) : see declaration of 'block_dims'
                 C:/Users/Administrator/Source/Repos/halftone-cuda/halftone/kernel.cu(312) : see declaration of 'error'
     1>C:/Users/Administrator/Source/Repos/halftone-cuda/halftone/kernel.cu(312): warning C4533: initialization of 'outsize' is skipped by 'goto error'
                 C:/Users/Administrator/Source/Repos/halftone-cuda/halftone/kernel.cu(211) : see declaration of 'outsize'
                 C:/Users/Administrator/Source/Repos/halftone-cuda/halftone/kernel.cu(312) : see declaration of 'error'
     1>C:/Users/Administrator/Source/Repos/halftone-cuda/halftone/kernel.cu(312): warning C4533: initialization of 'insize' is skipped by 'goto error'
                 C:/Users/Administrator/Source/Repos/halftone-cuda/halftone/kernel.cu(210) : see declaration of 'insize'
                 C:/Users/Administrator/Source/Repos/halftone-cuda/halftone/kernel.cu(312) : see declaration of 'error'
                 C:/Users/Administrator/Source/Repos/halftone-cuda/halftone/kernel.cu(236) : see declaration of 'boundaries'
                 C:/Users/Administrator/Source/Repos/halftone-cuda/halftone/kernel.cu(312) : see declaration of 'error'
                 C:/Users/Administrator/Source/Repos/halftone-cuda/halftone/kernel.cu(235) : see declaration of 'cell_dims'
                 C:/Users/Administrator/Source/Repos/halftone-cuda/halftone/kernel.cu(312) : see declaration of 'error'
                 C:/Users/Administrator/Source/Repos/halftone-cuda/halftone/kernel.cu(234) : see declaration of 'block_dims'
                 C:/Users/Administrator/Source/Repos/halftone-cuda/halftone/kernel.cu(312) : see declaration of 'error'
                 C:/Users/Administrator/Source/Repos/halftone-cuda/halftone/kernel.cu(211) : see declaration of 'outsize'
                 C:/Users/Administrator/Source/Repos/halftone-cuda/halftone/kernel.cu(312) : see declaration of 'error'
                 C:/Users/Administrator/Source/Repos/halftone-cuda/halftone/kernel.cu(210) : see declaration of 'insize'
                 C:/Users/Administrator/Source/Repos/halftone-cuda/halftone/kernel.cu(312) : see declaration of 'error'
                 C:/Users/Administrator/Source/Repos/halftone-cuda/halftone/kernel.cu(236) : see declaration of 'boundaries'
                 C:/Users/Administrator/Source/Repos/halftone-cuda/halftone/kernel.cu(312) : see declaration of 'error'
                 C:/Users/Administrator/Source/Repos/halftone-cuda/halftone/kernel.cu(235) : see declaration of 'cell_dims'
                 C:/Users/Administrator/Source/Repos/halftone-cuda/halftone/kernel.cu(312) : see declaration of 'error'
                 C:/Users/Administrator/Source/Repos/halftone-cuda/halftone/kernel.cu(234) : see declaration of 'block_dims'
                 C:/Users/Administrator/Source/Repos/halftone-cuda/halftone/kernel.cu(312) : see declaration of 'error'
                 C:/Users/Administrator/Source/Repos/halftone-cuda/halftone/kernel.cu(211) : see declaration of 'outsize'
                 C:/Users/Administrator/Source/Repos/halftone-cuda/halftone/kernel.cu(312) : see declaration of 'error'
                 C:/Users/Administrator/Source/Repos/halftone-cuda/halftone/kernel.cu(210) : see declaration of 'insize'
                 C:/Users/Administrator/Source/Repos/halftone-cuda/halftone/kernel.cu(312) : see declaration of 'error'
                 C:/Users/Administrator/Source/Repos/halftone-cuda/halftone/kernel.cu(236) : see declaration of 'boundaries'
                 C:/Users/Administrator/Source/Repos/halftone-cuda/halftone/kernel.cu(312) : see declaration of 'error'
                 C:/Users/Administrator/Source/Repos/halftone-cuda/halftone/kernel.cu(235) : see declaration of 'cell_dims'
                 C:/Users/Administrator/Source/Repos/halftone-cuda/halftone/kernel.cu(312) : see declaration of 'error'
                 C:/Users/Administrator/Source/Repos/halftone-cuda/halftone/kernel.cu(234) : see declaration of 'block_dims'
                 C:/Users/Administrator/Source/Repos/halftone-cuda/halftone/kernel.cu(312) : see declaration of 'error'
                 C:/Users/Administrator/Source/Repos/halftone-cuda/halftone/kernel.cu(211) : see declaration of 'outsize'
                 C:/Users/Administrator/Source/Repos/halftone-cuda/halftone/kernel.cu(312) : see declaration of 'error'
                 C:/Users/Administrator/Source/Repos/halftone-cuda/halftone/kernel.cu(210) : see declaration of 'insize'
                 C:/Users/Administrator/Source/Repos/halftone-cuda/halftone/kernel.cu(312) : see declaration of 'error'
                 C:/Users/Administrator/Source/Repos/halftone-cuda/halftone/kernel.cu(236) : see declaration of 'boundaries'
                 C:/Users/Administrator/Source/Repos/halftone-cuda/halftone/kernel.cu(312) : see declaration of 'error'
                 C:/Users/Administrator/Source/Repos/halftone-cuda/halftone/kernel.cu(235) : see declaration of 'cell_dims'
                 C:/Users/Administrator/Source/Repos/halftone-cuda/halftone/kernel.cu(312) : see declaration of 'error'
                 C:/Users/Administrator/Source/Repos/halftone-cuda/halftone/kernel.cu(234) : see declaration of 'block_dims'
                 C:/Users/Administrator/Source/Repos/halftone-cuda/halftone/kernel.cu(312) : see declaration of 'error'
                 C:/Users/Administrator/Source/Repos/halftone-cuda/halftone/kernel.cu(211) : see declaration of 'outsize'
                 C:/Users/Administrator/Source/Repos/halftone-cuda/halftone/kernel.cu(312) : see declaration of 'error'
                 C:/Users/Administrator/Source/Repos/halftone-cuda/halftone/kernel.cu(210) : see declaration of 'insize'
                 C:/Users/Administrator/Source/Repos/halftone-cuda/halftone/kernel.cu(312) : see declaration of 'error'
                 C:/Users/Administrator/Source/Repos/halftone-cuda/halftone/kernel.cu(236) : see declaration of 'boundaries'
                 C:/Users/Administrator/Source/Repos/halftone-cuda/halftone/kernel.cu(312) : see declaration of 'error'
                 C:/Users/Administrator/Source/Repos/halftone-cuda/halftone/kernel.cu(235) : see declaration of 'cell_dims'
                 C:/Users/Administrator/Source/Repos/halftone-cuda/halftone/kernel.cu(312) : see declaration of 'error'
                 C:/Users/Administrator/Source/Repos/halftone-cuda/halftone/kernel.cu(234) : see declaration of 'block_dims'
                 C:/Users/Administrator/Source/Repos/halftone-cuda/halftone/kernel.cu(312) : see declaration of 'error'
                 C:/Users/Administrator/Source/Repos/halftone-cuda/halftone/kernel.cu(211) : see declaration of 'outsize'
                 C:/Users/Administrator/Source/Repos/halftone-cuda/halftone/kernel.cu(312) : see declaration of 'error'
                 C:/Users/Administrator/Source/Repos/halftone-cuda/halftone/kernel.cu(210) : see declaration of 'insize'
                 C:/Users/Administrator/Source/Repos/halftone-cuda/halftone/kernel.cu(312) : see declaration of 'error'
                 C:/Users/Administrator/Source/Repos/halftone-cuda/halftone/kernel.cu(236) : see declaration of 'boundaries'
                 C:/Users/Administrator/Source/Repos/halftone-cuda/halftone/kernel.cu(312) : see declaration of 'error'
                 C:/Users/Administrator/Source/Repos/halftone-cuda/halftone/kernel.cu(235) : see declaration of 'cell_dims'
                 C:/Users/Administrator/Source/Repos/halftone-cuda/halftone/kernel.cu(312) : see declaration of 'error'
                 C:/Users/Administrator/Source/Repos/halftone-cuda/halftone/kernel.cu(234) : see declaration of 'block_dims'
                 C:/Users/Administrator/Source/Repos/halftone-cuda/halftone/kernel.cu(312) : see declaration of 'error'
                 C:/Users/Administrator/Source/Repos/halftone-cuda/halftone/kernel.cu(211) : see declaration of 'outsize'
                 C:/Users/Administrator/Source/Repos/halftone-cuda/halftone/kernel.cu(312) : see declaration of 'error'
                 C:/Users/Administrator/Source/Repos/halftone-cuda/halftone/kernel.cu(210) : see declaration of 'insize'
                 C:/Users/Administrator/Source/Repos/halftone-cuda/halftone/kernel.cu(312) : see declaration of 'error'
                 C:/Users/Administrator/Source/Repos/halftone-cuda/halftone/kernel.cu(236) : see declaration of 'boundaries'
                 C:/Users/Administrator/Source/Repos/halftone-cuda/halftone/kernel.cu(312) : see declaration of 'error'
                 C:/Users/Administrator/Source/Repos/halftone-cuda/halftone/kernel.cu(235) : see declaration of 'cell_dims'
                 C:/Users/Administrator/Source/Repos/halftone-cuda/halftone/kernel.cu(312) : see declaration of 'error'
                 C:/Users/Administrator/Source/Repos/halftone-cuda/halftone/kernel.cu(234) : see declaration of 'block_dims'
                 C:/Users/Administrator/Source/Repos/halftone-cuda/halftone/kernel.cu(312) : see declaration of 'error'
                 C:/Users/Administrator/Source/Repos/halftone-cuda/halftone/kernel.cu(211) : see declaration of 'outsize'
                 C:/Users/Administrator/Source/Repos/halftone-cuda/halftone/kernel.cu(312) : see declaration of 'error'
                 C:/Users/Administrator/Source/Repos/halftone-cuda/halftone/kernel.cu(210) : see declaration of 'insize'
                 C:/Users/Administrator/Source/Repos/halftone-cuda/halftone/kernel.cu(312) : see declaration of 'error'
                 C:/Users/Administrator/Source/Repos/halftone-cuda/halftone/kernel.cu(236) : see declaration of 'boundaries'
                 C:/Users/Administrator/Source/Repos/halftone-cuda/halftone/kernel.cu(312) : see declaration of 'error'
                 C:/Users/Administrator/Source/Repos/halftone-cuda/halftone/kernel.cu(235) : see declaration of 'cell_dims'
                 C:/Users/Administrator/Source/Repos/halftone-cuda/halftone/kernel.cu(312) : see declaration of 'error'
                 C:/Users/Administrator/Source/Repos/halftone-cuda/halftone/kernel.cu(234) : see declaration of 'block_dims'
                 C:/Users/Administrator/Source/Repos/halftone-cuda/halftone/kernel.cu(312) : see declaration of 'error'
                 C:/Users/Administrator/Source/Repos/halftone-cuda/halftone/kernel.cu(211) : see declaration of 'outsize'
                 C:/Users/Administrator/Source/Repos/halftone-cuda/halftone/kernel.cu(312) : see declaration of 'error'
                 C:/Users/Administrator/Source/Repos/halftone-cuda/halftone/kernel.cu(210) : see declaration of 'insize'
                 C:/Users/Administrator/Source/Repos/halftone-cuda/halftone/kernel.cu(312) : see declaration of 'error'
       Link:
         C:\Program Files (x86)\Microsoft Visual Studio 12.0\VC\bin\x86_amd64\link.exe /ERRORREPORT:PROMPT /OUT:"C:\Users\Administrator\Source\Repos\halftone-cuda\halftone\x64\Debug\halftone.exe" /INCREMENTAL /NOLOGO /LIBPATH:opencv2 /LIBPATH:"C:\Program Files\NVIDIA GPU Computing Toolkit\CUDA\v7.5\lib\x64" /LIBPATH:"C:\Program Files\NVIDIA GPU Computing Toolkit\CUDA\v7.5\lib\x64" opencv_highgui249d.lib opencv_core249d.lib IlmImfd.lib libjasperd.lib libjpegd.lib libtiffd.lib libpngd.lib zlibd.lib cudart.lib kernel32.lib user32.lib gdi32.lib winspool.lib comdlg32.lib advapi32.lib shell32.lib ole32.lib oleaut32.lib uuid.lib odbc32.lib odbccp32.lib kernel32.lib user32.lib gdi32.lib winspool.lib comdlg32.lib advapi32.lib shell32.lib ole32.lib oleaut32.lib uuid.lib odbc32.lib odbccp32.lib /MANIFEST /MANIFESTUAC:"level='asInvoker' uiAccess='false'" /manifest:embed /DEBUG /PDB:"C:\Users\Administrator\Source\Repos\halftone-cuda\halftone\x64\Debug\halftone.pdb" /SUBSYSTEM:CONSOLE /TLBID:1 /DYNAMICBASE /NXCOMPAT /IMPLIB:"C:\Users\Administrator\Source\Repos\halftone-cuda\halftone\x64\Debug\halftone.lib" /MACHINE:X64 x64\Debug\kernel.cu.obj
         halftone.vcxproj -> C:\Users\Administrator\Source\Repos\halftone-cuda\halftone\x64\Debug\halftone.exe
       PostBuildEvent:
         echo copy "C:\Program Files\NVIDIA GPU Computing Toolkit\CUDA\v7.5\bin\cudart*.dll" "C:\Users\Administrator\Source\Repos\halftone-cuda\halftone\x64\Debug\"
         copy "C:\Program Files\NVIDIA GPU Computing Toolkit\CUDA\v7.5\bin\cudart*.dll" "C:\Users\Administrator\Source\Repos\halftone-cuda\halftone\x64\Debug\"
         :VCEnd
         copy "C:\Program Files\NVIDIA GPU Computing Toolkit\CUDA\v7.5\bin\cudart*.dll" "C:\Users\Administrator\Source\Repos\halftone-cuda\halftone\x64\Debug\"
         C:\Program Files\NVIDIA GPU Computing Toolkit\CUDA\v7.5\bin\cudart32_75.dll
         C:\Program Files\NVIDIA GPU Computing Toolkit\CUDA\v7.5\bin\cudart64_75.dll
                 2 file(s) copied.
     1>Done Building Project "C:\Users\Administrator\Source\Repos\halftone-cuda\halftone\halftone.vcxproj" (Build target(s)).

Build succeeded.

Time Elapsed 00:00:08.57
